<?xml version="1.0" encoding="UTF-8"?>
<!-- Generated by org.testng.reporters.JUnitXMLReporter -->
<testsuite ignored="3" hostname="DESKTOP-09IB0QD" failures="0" tests="3" name="Test" time="65.685" errors="0" timestamp="2023-06-23T06:56:22 IST">
  <testcase classname="insurarnceCalculation_motorCycl.EndToEndTestsMotorCycle" name="insuranceCalculates" time="18.889"/>
  <testcase classname="insurarnceCalculation_motorCycl.EndToEndTestsMotorCycle" name="insuranceCalculates" time="17.304"/>
  <testcase classname="insurarnceCalculation_motorCycl.EndToEndTestsMotorCycle" name="insuranceCalculates" time="17.719"/>
  <testcase classname="insurarnceCalculation_motorCycl.EndToEndTestsMotorCycle" name="errorMessage_PayLoadField1" time="0.0">
    <ignored/>
  </testcase> <!-- errorMessage_PayLoadField1 -->
  <testcase classname="insurarnceCalculation_motorCycl.EndToEndTestsMotorCycle" name="errorMessage_PayLoadField" time="0.0">
    <ignored/>
  </testcase> <!-- errorMessage_PayLoadField -->
  <testcase classname="insurarnceCalculation_motorCycl.EndToEndTestsMotorCycle" name="verifyDropDownModel" time="0.0">
    <ignored/>
  </testcase> <!-- verifyDropDownModel -->
</testsuite> <!-- Test -->
