<?xml version="1.0" encoding="UTF-8"?>
<testng-results ignored="3" total="6" passed="3" failed="0" skipped="0">
  <reporter-output>
  </reporter-output>
  <suite started-at="2023-06-23T06:55:15 IST" name="Suite" finished-at="2023-06-23T06:56:21 IST" duration-ms="65685">
    <groups>
    </groups>
    <test started-at="2023-06-23T06:55:15 IST" name="Test" finished-at="2023-06-23T06:56:21 IST" duration-ms="65685">
      <class name="insurarnceCalculation_motorCycl.EndToEndTestsMotorCycle">
        <test-method is-config="true" signature="setUp()[pri:0, instance:insurarnceCalculation_motorCycl.EndToEndTestsMotorCycle@7bb3a9fe]" started-at="2023-06-23T06:55:15 IST" name="setUp" finished-at="2023-06-23T06:55:27 IST" duration-ms="11099" status="PASS">
          <reporter-output>
          </reporter-output>
        </test-method> <!-- setUp -->
        <test-method signature="insuranceCalculates(java.lang.Object)[pri:0, instance:insurarnceCalculation_motorCycl.EndToEndTestsMotorCycle@7bb3a9fe]" started-at="2023-06-23T06:55:27 IST" name="insuranceCalculates" data-provider="vehData" finished-at="2023-06-23T06:55:46 IST" duration-ms="18889" status="PASS">
          <params>
            <param index="0">
              <value>
                <![CDATA[{Vehicle_List Price=888, Product_startdate=12/12/2025, PriceValidation_Gold=274.00, TC No=1, Vehicle_Annual Mileage=100, Product_insurancesum= 5.000.000,00, Vehicle_Date of Manufacture=02/05/2022, Insurant_Hobby=speeding,Other, SelectOption=Silver, PriceValidation_Ultimate=1,025.00, PriceValidation_Silver=93.00, Vehicle_Make=Honda, Insurant_occupation=Farmer, Vehicle_No of Seats_motorcycle=2, Insurant_LastName=NNN, Product_OptionalProducts=Euro Protection, Vehicle_Enging Performance=666, Insurant_ImageFilePath=??, Vehicle_Model=Motorcycle, Insurant_country=India, Insurant_zipcode=444061, Product_damageinsurance=Partial Coverage, TC Name=Verify Insurance Premium for Honda MotorCycle, Vehicle_CylinderCapacity=333, PriceValidation_Platinum=538.00, Insurant_FirstName=Prakash, Insurant_birthdate=12/12/1989, Insurant_gender=Male}]]>
              </value>
            </param>
          </params>
          <reporter-output>
          </reporter-output>
        </test-method> <!-- insuranceCalculates -->
        <test-method signature="insuranceCalculates(java.lang.Object)[pri:0, instance:insurarnceCalculation_motorCycl.EndToEndTestsMotorCycle@7bb3a9fe]" started-at="2023-06-23T06:55:46 IST" name="insuranceCalculates" data-provider="vehData" finished-at="2023-06-23T06:56:03 IST" duration-ms="17304" status="PASS">
          <params>
            <param index="0">
              <value>
                <![CDATA[{Vehicle_List Price=888, Product_startdate=12/12/2025, PriceValidation_Gold=238.00, TC No=2, Vehicle_Annual Mileage=100, Product_insurancesum= 20.000.000,00, Vehicle_Date of Manufacture=09/04/2001, Insurant_Hobby=speeding,Other, SelectOption=Gold, PriceValidation_Ultimate=2,626.00, PriceValidation_Silver=702.00, Vehicle_Make=Volvo, Insurant_occupation=Farmer, Vehicle_No of Seats_motorcycle=2, Insurant_LastName=NNN, Product_OptionalProducts=Euro Protection, Vehicle_Enging Performance=900, Insurant_ImageFilePath=??, Vehicle_Model=Scooter, Insurant_country=Sweden, Insurant_zipcode=444061, Product_damageinsurance=Partial Coverage, TC Name=Verify Insurance Premium for Volvo Scooter, Vehicle_CylinderCapacity=900, PriceValidation_Platinum=1,379.00, Insurant_FirstName=Seema, Insurant_birthdate=12/12/1977, Insurant_gender=Female}]]>
              </value>
            </param>
          </params>
          <reporter-output>
          </reporter-output>
        </test-method> <!-- insuranceCalculates -->
        <test-method signature="insuranceCalculates(java.lang.Object)[pri:0, instance:insurarnceCalculation_motorCycl.EndToEndTestsMotorCycle@7bb3a9fe]" started-at="2023-06-23T06:56:03 IST" name="insuranceCalculates" data-provider="vehData" finished-at="2023-06-23T06:56:21 IST" duration-ms="17719" status="PASS">
          <params>
            <param index="0">
              <value>
                <![CDATA[{Vehicle_List Price=1000, Product_startdate=12/12/2025, PriceValidation_Gold=87.00, TC No=3, Vehicle_Annual Mileage=100, Product_insurancesum= 3.000.000,00, Vehicle_Date of Manufacture=09/04/1989, Insurant_Hobby=speeding,Other, SelectOption=Ultimate, PriceValidation_Ultimate=967.00, PriceValidation_Silver=258.00, Vehicle_Make=Ford, Insurant_occupation=Farmer, Vehicle_No of Seats_motorcycle=2, Insurant_LastName=NNN, Product_OptionalProducts=Euro Protection, Vehicle_Enging Performance=100, Insurant_ImageFilePath=??, Vehicle_Model=Moped, Insurant_country=Sweden, Insurant_zipcode=444061, Product_damageinsurance=Partial Coverage, TC Name=Verify Insurance Premium for Ford Moped, Vehicle_CylinderCapacity=100, PriceValidation_Platinum=507.00, Insurant_FirstName=Savali, Insurant_birthdate=12/12/1956, Insurant_gender=Female}]]>
              </value>
            </param>
          </params>
          <reporter-output>
          </reporter-output>
        </test-method> <!-- insuranceCalculates -->
        <test-method is-config="true" signature="closeApp()[pri:0, instance:insurarnceCalculation_motorCycl.EndToEndTestsMotorCycle@7bb3a9fe]" started-at="2023-06-23T06:56:21 IST" name="closeApp" finished-at="2023-06-23T06:56:21 IST" duration-ms="1" status="PASS">
          <reporter-output>
          </reporter-output>
        </test-method> <!-- closeApp -->
      </class> <!-- insurarnceCalculation_motorCycl.EndToEndTestsMotorCycle -->
    </test> <!-- Test -->
  </suite> <!-- Suite -->
</testng-results>
